0000-0cf7 : PCI Bus 0000:00
  0000-001f : dma1
  0020-0021 : pic1
  0040-0043 : timer0
  0050-0053 : timer1
  0060-0060 : keyboard
  0062-0062 : PNP0C09:00
    0062-0062 : EC data
  0064-0064 : keyboard
  0066-0066 : PNP0C09:00
    0066-0066 : EC cmd
  0070-0077 : rtc0
  0080-008f : dma page reg
  00a0-00a1 : pic2
  00c0-00df : dma2
  00f0-00ff : fpu
    00f0-00f0 : PNP0C04:00
  03c0-03df : vga+
  0400-047f : pnp 00:03
    0400-0403 : ACPI PM1a_EVT_BLK
    0404-0405 : ACPI PM1a_CNT_BLK
    0408-040b : ACPI PM_TMR
    0420-042f : ACPI GPE0_BLK
    0430-0433 : iTCO_wdt.0.auto
    0450-0450 : ACPI PM2_CNT_BLK
    0460-047f : iTCO_wdt.0.auto
  0480-048f : pnp 00:03
0cf8-0cff : PCI conf1
0d00-ffff : PCI Bus 0000:00
  1180-11ff : pnp 00:03
  1800-1807 : 0000:00:02.0
  1808-180b : 0000:00:1f.2
    1808-180b : ata_piix
  180c-180f : 0000:00:1f.2
    180c-180f : ata_piix
  1810-181f : 0000:00:1f.2
    1810-181f : ata_piix
  1820-183f : 0000:00:1a.0
    1820-183f : uhci_hcd
  1840-185f : 0000:00:1a.1
    1840-185f : uhci_hcd
  1860-187f : 0000:00:1a.2
    1860-187f : uhci_hcd
  1880-189f : 0000:00:1d.0
    1880-189f : uhci_hcd
  18a0-18bf : 0000:00:1d.1
    18a0-18bf : uhci_hcd
  18c0-18df : 0000:00:1d.2
    18c0-18df : uhci_hcd
  18e0-18ef : 0000:00:1f.2
    18e0-18ef : ata_piix
  18f0-18f7 : 0000:00:1f.2
    18f0-18f7 : ata_piix
  18f8-18ff : 0000:00:1f.2
    18f8-18ff : ata_piix
  1c00-1c1f : 0000:00:1f.3
    1c00-1c1f : i801_smbus
  1c20-1c2f : 0000:00:1f.5
    1c20-1c2f : ata_piix
  1c30-1c3f : 0000:00:1f.5
    1c30-1c3f : ata_piix
  1c40-1c43 : 0000:00:1f.5
    1c40-1c43 : ata_piix
  1c44-1c47 : 0000:00:1f.5
    1c44-1c47 : ata_piix
  1c48-1c4f : 0000:00:1f.5
    1c48-1c4f : ata_piix
  1c50-1c57 : 0000:00:1f.5
    1c50-1c57 : ata_piix
  2000-2fff : PCI Bus 0000:04
  3000-3fff : PCI Bus 0000:02
  4000-4fff : PCI Bus 0000:03
  5000-5fff : PCI Bus 0000:0d
    5000-50ff : PCI CardBus 0000:0e
    5400-54ff : PCI CardBus 0000:0e
  fe00-fe00 : pnp 00:03
  ffff-ffff : pnp 00:03
    ffff-ffff : pnp 00:03
